Automated commit on Sun Feb  9 10:29:32 UTC 2025
Automated commit on Mon Feb 10 04:44:18 UTC 2025
Automated commit on Tue Feb 11 04:42:09 UTC 2025
Automated commit on Wed Feb 12 04:43:44 UTC 2025
Automated commit on Thu Feb 13 04:43:16 UTC 2025
Automated commit on Fri Feb 14 04:42:15 UTC 2025
Automated commit on Sat Feb 15 04:44:29 UTC 2025
Automated commit on Sun Feb 16 04:42:22 UTC 2025
Automated commit on Mon Feb 17 04:43:30 UTC 2025
Automated commit on Tue Feb 18 04:42:34 UTC 2025
Automated commit on Wed Feb 19 04:45:15 UTC 2025
Automated commit on Thu Feb 20 04:42:29 UTC 2025
Automated commit on Fri Feb 21 04:46:09 UTC 2025
Automated commit on Sat Feb 22 04:44:20 UTC 2025
Automated commit on Sun Feb 23 04:44:21 UTC 2025
Automated commit on Mon Feb 24 04:43:29 UTC 2025
Automated commit on Tue Feb 25 04:43:13 UTC 2025
Automated commit on Wed Feb 26 04:47:03 UTC 2025
Automated commit on Thu Feb 27 04:38:36 UTC 2025
Automated commit on Fri Feb 28 04:38:14 UTC 2025
Automated commit on Sat Mar  1 04:36:07 UTC 2025
